[17:09:46] [ServerMain/INFO]: [bootstrap] Running Java 21 (OpenJDK 64-Bit Server VM 21.0.5+11-Ubuntu-1ubuntu120.04; Ubuntu null) on Linux 6.5.0-1025-azure (amd64)
[17:09:46] [ServerMain/INFO]: [bootstrap] Loading Paper 1.21.3-63-master@4190ee7 (2024-11-25T18:59:19Z) for Minecraft 1.21.3
[17:09:46] [ServerMain/INFO]: [PluginInitializerManager] Initializing plugins...
[17:09:46] [ServerMain/INFO]: [PluginInitializerManager] Initialized 0 plugins
[17:09:50] [ServerMain/INFO]: Environment: Environment[sessionHost=https://sessionserver.mojang.com, servicesHost=https://api.minecraftservices.com, name=PROD]
[17:09:50] [ServerMain/INFO]: Found new data pack file/bukkit, loading it automatically
[17:09:50] [ServerMain/INFO]: Found new data pack paper, loading it automatically
[17:09:51] [ServerMain/INFO]: No existing world data, creating new world
[17:09:52] [ServerMain/INFO]: Loaded 1337 recipes
[17:09:52] [ServerMain/INFO]: Loaded 1448 advancements
[17:09:52] [Server thread/INFO]: Starting minecraft server version 1.21.3
[17:09:52] [Server thread/INFO]: Loading properties
[17:09:52] [Server thread/INFO]: This server is running Paper version 1.21.3-63-master@4190ee7 (2024-11-25T18:59:19Z) (Implementing API version 1.21.3-R0.1-SNAPSHOT)
[17:09:53] [Server thread/INFO]: [spark] This server bundles the spark profiler. For more information please visit https://docs.papermc.io/paper/profiling
[17:09:53] [Server thread/INFO]: Server Ping Player Sample Count: 12
[17:09:53] [Server thread/INFO]: Using 4 threads for Netty based IO
[17:09:53] [Server thread/INFO]: [MoonriseCommon] Paper is using 1 worker threads, 1 I/O threads
[17:09:53] [Server thread/INFO]: [ChunkTaskScheduler] Chunk system is using population gen parallelism: true
[17:09:54] [Server thread/INFO]: Default game type: SURVIVAL
[17:09:54] [Server thread/INFO]: Generating keypair
[17:09:54] [Server thread/INFO]: Starting Minecraft server on *:25565
[17:09:54] [Server thread/INFO]: Using epoll channel type
[17:09:54] [Server thread/INFO]: Paper: Using libdeflate (Linux x86_64) compression from Velocity.
[17:09:54] [Server thread/INFO]: Paper: Using OpenSSL 1.1.x (Linux x86_64) cipher from Velocity.
[17:09:54] [Server thread/WARN]: **** FAILED TO BIND TO PORT!
[17:09:54] [Server thread/WARN]: The exception was: io.netty.channel.unix.Errors$NativeIoException: bind(..) failed: Address already in use
[17:09:54] [Server thread/WARN]: Perhaps a server is already running on that port?
[17:09:54] [Server thread/ERROR]: Encountered an unexpected exception
java.lang.IllegalStateException: Failed to bind to port
	at net.minecraft.server.dedicated.DedicatedServer.initServer(DedicatedServer.java:283) ~[paper-1.21.3.jar:1.21.3-63-4190ee7]
	at net.minecraft.server.MinecraftServer.runServer(MinecraftServer.java:1234) ~[paper-1.21.3.jar:1.21.3-63-4190ee7]
	at net.minecraft.server.MinecraftServer.lambda$spin$0(MinecraftServer.java:340) ~[paper-1.21.3.jar:1.21.3-63-4190ee7]
	at java.base/java.lang.Thread.run(Thread.java:1583) ~[?:?]
Caused by: io.netty.channel.unix.Errors$NativeIoException: bind(..) failed: Address already in use
[17:09:54] [Server thread/ERROR]: This crash report has been saved to: /workspaces/revolucion/servidor_minecraft/crash-reports/crash-2024-12-14_17.09.54-server.txt
[17:09:54] [Server thread/INFO]: Stopping server
[17:09:54] [Server thread/INFO]: Saving players
[17:09:54] [Server thread/INFO]: Saving worlds
[17:09:54] [Server thread/INFO]: ThreadedAnvilChunkStorage: All dimensions are saved
[17:09:54] [Server thread/INFO]: Waiting for I/O tasks to complete...
[17:09:54] [Server thread/INFO]: All I/O tasks to complete
[17:09:54] [Server thread/INFO]: [MoonriseCommon] Awaiting termination of worker pool for up to 60s...
[17:09:54] [Server thread/INFO]: [MoonriseCommon] Awaiting termination of I/O pool for up to 60s...
